C51 COMPILER V9.00   KEY                                                                   12/02/2022 09:55:35 PAGE 1   


C51 COMPILER V9.00, COMPILATION OF MODULE KEY
OBJECT MODULE PLACED IN key.OBJ
COMPILER INVOKED BY: D:\soft\C51\BIN\C51.EXE key.c BROWSE DEBUG OBJECTEXTEND

line level    source

   1          #include <REGX52.H>
   2          #include <intrins.h>
   3          
   4          
   5          sbit key_s2 = P3 ^ 0;
   6          sbit key_s3 = P3 ^ 1;
   7          sbit key_s4 = P3 ^ 2;
   8          sbit key_s5 = P3 ^ 3;
   9          
  10          sbit BEEP = P2 ^ 3;
  11          
  12          typedef unsigned int u16;
  13          typedef unsigned char u8;
  14          
  15          
  16          void delay_ms(u16 n);
  17          
  18          void s2()
  19          {
  20   1              delay_ms(5);//œ˚∂∂
  21   1              if (key_s2 == 0)
  22   1              {
  23   2      
  24   2                      P1 = 0x55;
  25   2      
  26   2              }
  27   1              while (!key_s2)//À… ÷ºÏ≤‚
  28   1              {
  29   2      
  30   2              }
  31   1      
  32   1      
  33   1      }
  34          
  35          
  36          
  37          void s3()
  38          {
  39   1              delay_ms(5);
  40   1              if (key_s3 == 0)
  41   1              {
  42   2      
  43   2                      BEEP = 0;
  44   2      
  45   2              }
  46   1              while (!key_s3)
  47   1              {
  48   2      
  49   2              }
  50   1      }
  51          
  52          
  53          
  54          void s4()
  55          {
C51 COMPILER V9.00   KEY                                                                   12/02/2022 09:55:35 PAGE 2   

  56   1              delay_ms(5);
  57   1              if (key_s4 == 0)
  58   1              {
  59   2      
  60   2                      BEEP = 1;
  61   2      
  62   2              }
  63   1              while (!key_s4)
  64   1              {
  65   2      
  66   2              }
  67   1      }
  68          
  69          
  70          
  71          void s5()
  72          {
  73   1              delay_ms(5);
  74   1              if (key_s5 == 0)
  75   1              {
  76   2                      //BEEP=0;
  77   2                      //FLOW_LED2();
  78   2                      P1 = 0xFF;
  79   2      
  80   2              }
  81   1              while (!key_s5)
  82   1              {
  83   2                      //BEEP=0;
  84   2                       //P1=0xFF;
  85   2                      //FLOW_LED2();
  86   2              }
  87   1              //BEEP=1;
  88   1              //P1=0xff;
  89   1      }
  90          
  91          
  92          
  93          
  94          
  95          
  96          
  97          
  98          
  99          
 100          
 101          
 102          unsigned char MatrixKey()
 103          {
 104   1              unsigned char KeyNumber = 0;
 105   1      
 106   1              P3 = 0xFF;
 107   1              P3_3 = 0;
 108   1              if (P3_7 == 0)
 109   1              {
 110   2                      delay_ms(20);
 111   2                      while (P3_7 == 0);//ºÏ≤‚À… ÷
 112   2                      delay_ms(20);
 113   2                      KeyNumber = 16;
 114   2              }
 115   1              if (P3_6 == 0)
 116   1              {
 117   2                      delay_ms(20);
C51 COMPILER V9.00   KEY                                                                   12/02/2022 09:55:35 PAGE 3   

 118   2                      while (P3_6 == 0);//ºÏ≤‚À… ÷
 119   2                      delay_ms(20);
 120   2                      KeyNumber = 15;
 121   2              }
 122   1              if (P3_5 == 0)
 123   1              {
 124   2                      delay_ms(20);
 125   2                      while (P3_5 == 0);//ºÏ≤‚À… ÷
 126   2                      delay_ms(20);
 127   2                      KeyNumber = 14;
 128   2              }
 129   1              if (P3_4 == 0)
 130   1              {
 131   2                      delay_ms(20);
 132   2                      while (P3_4 == 0);//ºÏ≤‚À… ÷
 133   2                      delay_ms(20);
 134   2                      KeyNumber = 13;
 135   2              }
 136   1      
 137   1      
 138   1      
 139   1      
 140   1      
 141   1              P3 = 0xFF;
 142   1              P3_2 = 0;
 143   1              if (P3_7 == 0)
 144   1              {
 145   2                      delay_ms(20);
 146   2                      while (P3_7 == 0);//ºÏ≤‚À… ÷
 147   2                      delay_ms(20);
 148   2                      KeyNumber = 12;
 149   2              }
 150   1              if (P3_6 == 0)
 151   1              {
 152   2                      delay_ms(20);
 153   2                      while (P3_6 == 0);//ºÏ≤‚À… ÷
 154   2                      delay_ms(20);
 155   2                      KeyNumber = 11;
 156   2              }
 157   1              if (P3_5 == 0)
 158   1              {
 159   2                      delay_ms(20);
 160   2                      while (P3_5 == 0);//ºÏ≤‚À… ÷
 161   2                      delay_ms(20);
 162   2                      KeyNumber = 10;
 163   2              }
 164   1              if (P3_4 == 0)
 165   1              {
 166   2                      delay_ms(20);
 167   2                      while (P3_4 == 0);//ºÏ≤‚À… ÷
 168   2                      delay_ms(20);
 169   2                      KeyNumber = 9;
 170   2              }
 171   1      
 172   1      
 173   1              P3 = 0xFF;
 174   1              P3_1 = 0;
 175   1              if (P3_7 == 0)
 176   1              {
 177   2                      delay_ms(20);
 178   2                      while (P3_7 == 0);//ºÏ≤‚À… ÷
 179   2                      delay_ms(20);
C51 COMPILER V9.00   KEY                                                                   12/02/2022 09:55:35 PAGE 4   

 180   2                      KeyNumber = 8;
 181   2              }
 182   1              if (P3_6 == 0)
 183   1              {
 184   2                      delay_ms(20);
 185   2                      while (P3_6 == 0);//ºÏ≤‚À… ÷
 186   2                      delay_ms(20);
 187   2                      KeyNumber = 7;
 188   2              }
 189   1              if (P3_5 == 0)
 190   1              {
 191   2                      delay_ms(20);
 192   2                      while (P3_5 == 0);//ºÏ≤‚À… ÷
 193   2                      delay_ms(20);
 194   2                      KeyNumber = 6;
 195   2              }
 196   1              if (P3_4 == 0)
 197   1              {
 198   2                      delay_ms(20);
 199   2                      while (P3_4 == 0);//ºÏ≤‚À… ÷
 200   2                      delay_ms(20);
 201   2                      KeyNumber = 5;
 202   2              }
 203   1      
 204   1      
 205   1              P3 = 0xFF;
 206   1              P3_0 = 0;
 207   1              if (P3_7 == 0)
 208   1              {
 209   2                      delay_ms(20);
 210   2                      while (P3_7 == 0);//ºÏ≤‚À… ÷
 211   2                      delay_ms(20);
 212   2                      KeyNumber = 4;
 213   2              }
 214   1              if (P3_6 == 0)
 215   1              {
 216   2                      delay_ms(20);
 217   2                      while (P3_6 == 0);//ºÏ≤‚À… ÷
 218   2                      delay_ms(20);
 219   2                      KeyNumber = 3;
 220   2              }
 221   1              if (P3_5 == 0)
 222   1              {
 223   2                      delay_ms(20);
 224   2                      while (P3_5 == 0);//ºÏ≤‚À… ÷
 225   2                      delay_ms(20);
 226   2                      KeyNumber = 2;
 227   2              }
 228   1              if (P3_4 == 0)
 229   1              {
 230   2                      delay_ms(20);
 231   2                      while (P3_4 == 0);//ºÏ≤‚À… ÷
 232   2                      delay_ms(20);
 233   2                      KeyNumber = 1;
 234   2      
 235   2              }
 236   1              return KeyNumber;
 237   1      }
 238          
 239          
 240          void MatrixKey_beep_lock()
 241          {
C51 COMPILER V9.00   KEY                                                                   12/02/2022 09:55:35 PAGE 5   

 242   1              int i = 0;
 243   1      
 244   1              while (1)
 245   1              {
 246   2                      int keynum = MatrixKey();
 247   2      
 248   2                      if (keynum == 1)
 249   2                      {
 250   3                              BEEP = 0;
 251   3                              delay_ms(300);
 252   3                              BEEP = 1;
 253   3                              delay_ms(300);
 254   3                      }
 255   2                      else if (keynum == 2)
 256   2                      {
 257   3                              for (i = 0; i < 2; i++)
 258   3                              {
 259   4                                      BEEP = 0;
 260   4                                      delay_ms(300);
 261   4                                      BEEP = 1;
 262   4                                      delay_ms(300);
 263   4                              }
 264   3                      }
 265   2                      else if (keynum == 3)
 266   2                      {
 267   3                              for (i = 0; i < 3; i++)
 268   3                              {
 269   4                                      BEEP = 0;
 270   4                                      delay_ms(300);
 271   4                                      BEEP = 1;
 272   4                                      delay_ms(300);
 273   4                              }
 274   3                      }
 275   2                      else if (keynum == 4)
 276   2                      {
 277   3                              for (i = 0; i < 4; i++)
 278   3                              {
 279   4                                      BEEP = 0;
 280   4                                      delay_ms(300);
 281   4                                      BEEP = 1;
 282   4                                      delay_ms(300);
 283   4                              }
 284   3                      }
 285   2      
 286   2                      else if (keynum == 5)
 287   2                      {
 288   3                              for (i = 0; i < 5; i++)
 289   3                              {
 290   4                                      BEEP = 0;
 291   4                                      delay_ms(300);
 292   4                                      BEEP = 1;
 293   4                                      delay_ms(300);
 294   4                              }
 295   3                      }
 296   2      
 297   2                      else if (keynum == 6)
 298   2                      {
 299   3                              for (i = 0; i < 6; i++)
 300   3                              {
 301   4                                      BEEP = 0;
 302   4                                      delay_ms(300);
 303   4                                      BEEP = 1;
C51 COMPILER V9.00   KEY                                                                   12/02/2022 09:55:35 PAGE 6   

 304   4                                      delay_ms(300);
 305   4                              }
 306   3                      }
 307   2      
 308   2                      else if (keynum == 7)
 309   2                      {
 310   3                              for (i = 0; i < 7; i++)
 311   3                              {
 312   4                                      BEEP = 0;
 313   4                                      delay_ms(300);
 314   4                                      BEEP = 1;
 315   4                                      delay_ms(300);
 316   4                              }
 317   3                      }
 318   2      
 319   2                      else if (keynum == 8)
 320   2                      {
 321   3                              for (i = 0; i < 8; i++)
 322   3                              {
 323   4                                      BEEP = 0;
 324   4                                      delay_ms(300);
 325   4                                      BEEP = 1;
 326   4                                      delay_ms(300);
 327   4                              }
 328   3                      }
 329   2      
 330   2                      else if (keynum == 9)
 331   2                      {
 332   3                              for (i = 0; i < 9; i++)
 333   3                              {
 334   4                                      BEEP = 0;
 335   4                                      delay_ms(300);
 336   4                                      BEEP = 1;
 337   4                                      delay_ms(300);
 338   4                              }
 339   3                      }
 340   2      
 341   2                      else if (keynum == 10)
 342   2                      {
 343   3                              for (i = 0; i < 10; i++)
 344   3                              {
 345   4                                      BEEP = 0;
 346   4                                      delay_ms(300);
 347   4                                      BEEP = 1;
 348   4                                      delay_ms(300);
 349   4                              }
 350   3                      }
 351   2      
 352   2                      else if (keynum == 11)
 353   2                      {
 354   3                              for (i = 0; i < 11; i++)
 355   3                              {
 356   4                                      BEEP = 0;
 357   4                                      delay_ms(300);
 358   4                                      BEEP = 1;
 359   4                                      delay_ms(300);
 360   4                              }
 361   3                      }
 362   2      
 363   2                      else if (keynum == 12)
 364   2                      {
 365   3                              for (i = 0; i < 12; i++)
C51 COMPILER V9.00   KEY                                                                   12/02/2022 09:55:35 PAGE 7   

 366   3                              {
 367   4                                      BEEP = 0;
 368   4                                      delay_ms(300);
 369   4                                      BEEP = 1;
 370   4                                      delay_ms(300);
 371   4                              }
 372   3                      }
 373   2      
 374   2                      else if (keynum == 13)
 375   2                      {
 376   3                              for (i = 0; i < 13; i++)
 377   3                              {
 378   4                                      BEEP = 0;
 379   4                                      delay_ms(300);
 380   4                                      BEEP = 1;
 381   4                                      delay_ms(300);
 382   4                              }
 383   3                      }
 384   2      
 385   2                      else if (keynum == 14)
 386   2                      {
 387   3                              for (i = 0; i < 14; i++)
 388   3                              {
 389   4                                      BEEP = 0;
 390   4                                      delay_ms(300);
 391   4                                      BEEP = 1;
 392   4                                      delay_ms(300);
 393   4                              }
 394   3                      }
 395   2      
 396   2                      else if (keynum == 15)
 397   2                      {
 398   3                              for (i = 0; i < 15; i++)
 399   3                              {
 400   4                                      BEEP = 0;
 401   4                                      delay_ms(300);
 402   4                                      BEEP = 1;
 403   4                                      delay_ms(300);
 404   4                              }
 405   3                      }
 406   2      
 407   2                      else if (keynum == 16)
 408   2                      {
 409   3                              for (i = 0; i < 16; i++)
 410   3                              {
 411   4                                      BEEP = 0;
 412   4                                      delay_ms(300);
 413   4                                      BEEP = 1;
 414   4                                      delay_ms(300);
 415   4                              }
 416   3                      }
 417   2              }
 418   1      }
 419          
 420          


MODULE INFORMATION:   STATIC OVERLAYABLE
   CODE SIZE        =   1337    ----
   CONSTANT SIZE    =   ----    ----
   XDATA SIZE       =   ----    ----
   PDATA SIZE       =   ----    ----
C51 COMPILER V9.00   KEY                                                                   12/02/2022 09:55:35 PAGE 8   

   DATA SIZE        =   ----       5
   IDATA SIZE       =   ----    ----
   BIT SIZE         =   ----    ----
END OF MODULE INFORMATION.


C51 COMPILATION COMPLETE.  0 WARNING(S),  0 ERROR(S)
