C51 COMPILER V9.00   LED                                                                   12/02/2022 09:55:35 PAGE 1   


C51 COMPILER V9.00, COMPILATION OF MODULE LED
OBJECT MODULE PLACED IN led.OBJ
COMPILER INVOKED BY: D:\soft\C51\BIN\C51.EXE led.c BROWSE DEBUG OBJECTEXTEND

line level    source

   1          #include <REGX52.H>
   2          
   3          #define LED1 1
   4          #define LED2 2
   5          #define LED3 3
   6          #define LED4 4
   7          #define LED5 5
   8          #define LED6 6
   9          #define LED7 7
  10          #define LED8 8
  11          
  12          sbit LED0a = P1 ^ 0;
  13          sbit LED2a = P1 ^ 2;
  14          sbit LED4a = P1 ^ 4;
  15          sbit LED6a = P1 ^ 6;
  16          sbit LED1a = P1 ^ 1;
  17          sbit LED3a = P1 ^ 3;
  18          sbit LED5a = P1 ^ 5;
  19          sbit LED7a = P1 ^ 7;
  20          
  21          
  22          typedef unsigned int u16;
  23          typedef unsigned char u8;
  24          
  25          void mydelay();
  26          
  27          void delay_ms(u16 n);
  28          
  29          
  30          
  31          //1.点亮四个灯函数
  32          void Openled4()
  33          {
  34   1              P1 = 0X55;    // 0101 0101
  35   1      }
  36          //2.四个灯闪烁函数
  37          void SHINE_LED()
  38          {
  39   1              //
  40   1              P1 = 0X55;
  41   1              mydelay();
  42   1              P1 = 0XFF;
  43   1              mydelay();
  44   1      }
  45          //3.流水灯
  46          void FLOW_LED()
  47          {
  48   1              P1 = 0X7E;
  49   1              mydelay();
  50   1              P1 = 0XC3;
  51   1              mydelay();
  52   1              P1 = 0XE7;
  53   1              mydelay();
  54   1              P1 = 0X00;
  55   1              mydelay();
C51 COMPILER V9.00   LED                                                                   12/02/2022 09:55:35 PAGE 2   

  56   1      }
  57          
  58          //4.点亮某个灯
  59          void Turnonled(unsigned int num)
  60          {
  61   1              if (num == LED1)
  62   1                      P1 &= 0XFE;// 1111 1111  & 1111 1110 = 1111 1110
  63   1              if (num == LED2)
  64   1                      P1 &= 0XFD;     // 1111 1111 & 1111 1101 =1111 1101
  65   1              if (num == LED3)
  66   1                      P1 &= 0XFB;     // 1111 1111 & 1111 10111 =1111 1011
  67   1              if (num == LED4)
  68   1                      P1 &= 0XF7;     // 1111 1111 & 1111 1101
  69   1              if (num == LED5)
  70   1                      P1 &= 0XEF;     // 1111 1111 & 1111 1101
  71   1              if (num == LED6)
  72   1                      P1 &= 0XDF;     // 1111 1111 & 1111 1101
  73   1              if (num == LED7)
  74   1                      P1 &= 0XBF;     // 1111 1111 & 1111 1101
  75   1              if (num == LED8)
  76   1                      P1 &= 0X7F;     // 11111 1111 & 1111 1101
  77   1      
  78   1      
  79   1      
  80   1      
  81   1      
  82   1      }
  83          
  84          //5.关闭某个灯
  85          void Turnoffled(unsigned int num)
  86          {
  87   1      
  88   1              switch (num)
  89   1              {                                                                                //1010 1111
  90   2              case LED1: P1 |= 0X01; break;    //1010 1110 | 0000 0001= 
  91   2              case LED2: P1 |= 0x02;  break;  //0000 0010b        
  92   2              case LED3: P1 |= 0X04; break;    //1010 1110 | 0000 0001= 
  93   2              case LED4: P1 |= 0x08;  break;  //0000 0010b   
  94   2              case LED5: P1 |= 0X10; break;    //1010 1110 | 0000 0001= 
  95   2              case LED6: P1 |= 0x20;  break;  //0000 0010b   case LED1: P1 |=  0X01;break;     //1010 1110 | 0000 0001= 
  96   2              case LED7: P1 |= 0x40;  break;  //0000 0010b   case LED1: P1 |=  0X01;break;     //1010 1110 | 0000 0001= 
  97   2              case LED8: P1 |= 0x80;  break;  //0000 0010b   
  98   2      
  99   2              }
 100   1      
 101   1      
 102   1      
 103   1      
 104   1      }
 105          
 106          //流水灯
 107          void FLOW_LED2()
 108          {
 109   1      
 110   1      
 111   1      
 112   1              int i;
 113   1      
 114   1              for (i = 0; i < 5; i++)
 115   1              {
 116   2                      LED0a = 0;
 117   2                      LED1a = 1;
C51 COMPILER V9.00   LED                                                                   12/02/2022 09:55:35 PAGE 3   

 118   2                      LED2a = 1;
 119   2                      LED3a = 1;
 120   2                      LED4a = 1;
 121   2                      LED5a = 1;
 122   2                      LED6a = 1;
 123   2                      LED7a = 1;
 124   2                      delay_ms(30);
 125   2                      LED0a = 1;
 126   2                      LED1a = 0;
 127   2                      LED2a = 1;
 128   2                      LED3a = 1;
 129   2                      LED4a = 1;
 130   2                      LED5a = 1;
 131   2                      LED6a = 1;
 132   2                      LED7a = 1;
 133   2                      delay_ms(30);
 134   2                      LED0a = 1;
 135   2                      LED1a = 1;
 136   2                      LED2a = 0;
 137   2                      LED3a = 1;
 138   2                      LED4a = 1;
 139   2                      LED5a = 1;
 140   2                      LED6a = 1;
 141   2                      LED7a = 1;
 142   2                      delay_ms(30);
 143   2                      LED0a = 1;
 144   2                      LED1a = 1;
 145   2                      LED2a = 1;
 146   2                      LED3a = 0;
 147   2                      LED4a = 1;
 148   2                      LED5a = 1;
 149   2                      LED6a = 1;
 150   2                      LED7a = 1;
 151   2                      delay_ms(30);
 152   2                      LED0a = 1;
 153   2                      LED1a = 1;
 154   2                      LED2a = 1;
 155   2                      LED3a = 1;
 156   2                      LED4a = 0;
 157   2                      LED5a = 1;
 158   2                      LED6a = 1;
 159   2                      LED7a = 1;
 160   2                      delay_ms(30);
 161   2                      LED0a = 1;
 162   2                      LED1a = 1;
 163   2                      LED2a = 1;
 164   2                      LED3a = 1;
 165   2                      LED4a = 1;
 166   2                      LED5a = 0;
 167   2                      LED6a = 1;
 168   2                      LED7a = 1;
 169   2                      delay_ms(30);
 170   2                      LED0a = 1;
 171   2                      LED1a = 1;
 172   2                      LED2a = 1;
 173   2                      LED3a = 1;
 174   2                      LED4a = 1;
 175   2                      LED5a = 1;
 176   2                      LED6a = 0;
 177   2                      LED7a = 1;
 178   2                      delay_ms(30);
 179   2                      LED0a = 1;
C51 COMPILER V9.00   LED                                                                   12/02/2022 09:55:35 PAGE 4   

 180   2                      LED1a = 1;
 181   2                      LED2a = 1;
 182   2                      LED3a = 1;
 183   2                      LED4a = 1;
 184   2                      LED5a = 1;
 185   2                      LED6a = 1;
 186   2                      LED7a = 0;
 187   2                      delay_ms(30);
 188   2              }
 189   1      
 190   1      
 191   1              for (i = 0; i < 2; i++)
 192   1              {
 193   2                      LED0a = 1;
 194   2                      LED1a = 1;
 195   2                      LED2a = 1;
 196   2                      LED3a = 1;
 197   2                      LED4a = 1;
 198   2                      LED5a = 1;
 199   2                      LED6a = 1;
 200   2                      LED7a = 1;
 201   2                      delay_ms(200);
 202   2                      LED0a = 0;
 203   2                      LED1a = 0;
 204   2                      LED2a = 0;
 205   2                      LED3a = 0;
 206   2                      LED4a = 0;
 207   2                      LED5a = 0;
 208   2                      LED6a = 0;
 209   2                      LED7a = 0;
 210   2                      delay_ms(200);
 211   2              }
 212   1      
 213   1      }
 214          
 215          
 216          
 217          
 218          
 219          
 220          
 221          
 222          
 223          
 224          
 225          void FLOW_LED3()
 226          {
 227   1              int i = 0;
 228   1      
 229   1              for (i = 0; i < 15; i++)
 230   1              {
 231   2                      LED0a = 0;
 232   2                      LED1a = 1;
 233   2                      LED2a = 1;
 234   2                      LED3a = 1;
 235   2                      LED4a = 1;
 236   2                      LED5a = 1;
 237   2                      LED6a = 1;
 238   2                      LED7a = 1;
 239   2                      delay_ms(30);
 240   2                      LED0a = 1;
 241   2                      LED1a = 0;
C51 COMPILER V9.00   LED                                                                   12/02/2022 09:55:35 PAGE 5   

 242   2                      LED2a = 1;
 243   2                      LED3a = 1;
 244   2                      LED4a = 1;
 245   2                      LED5a = 1;
 246   2                      LED6a = 1;
 247   2                      LED7a = 1;
 248   2                      delay_ms(30);
 249   2                      LED0a = 1;
 250   2                      LED1a = 1;
 251   2                      LED2a = 0;
 252   2                      LED3a = 1;
 253   2                      LED4a = 1;
 254   2                      LED5a = 1;
 255   2                      LED6a = 1;
 256   2                      LED7a = 1;
 257   2                      delay_ms(30);
 258   2                      LED0a = 1;
 259   2                      LED1a = 1;
 260   2                      LED2a = 1;
 261   2                      LED3a = 0;
 262   2                      LED4a = 1;
 263   2                      LED5a = 1;
 264   2                      LED6a = 1;
 265   2                      LED7a = 1;
 266   2                      delay_ms(30);
 267   2                      LED0a = 1;
 268   2                      LED1a = 1;
 269   2                      LED2a = 1;
 270   2                      LED3a = 1;
 271   2                      LED4a = 0;
 272   2                      LED5a = 1;
 273   2                      LED6a = 1;
 274   2                      LED7a = 1;
 275   2                      delay_ms(30);
 276   2                      LED0a = 1;
 277   2                      LED1a = 1;
 278   2                      LED2a = 1;
 279   2                      LED3a = 1;
 280   2                      LED4a = 1;
 281   2                      LED5a = 0;
 282   2                      LED6a = 1;
 283   2                      LED7a = 1;
 284   2                      delay_ms(30);
 285   2                      LED0a = 1;
 286   2                      LED1a = 1;
 287   2                      LED2a = 1;
 288   2                      LED3a = 1;
 289   2                      LED4a = 1;
 290   2                      LED5a = 1;
 291   2                      LED6a = 0;
 292   2                      LED7a = 1;
 293   2                      delay_ms(30);
 294   2                      LED0a = 1;
 295   2                      LED1a = 1;
 296   2                      LED2a = 1;
 297   2                      LED3a = 1;
 298   2                      LED4a = 1;
 299   2                      LED5a = 1;
 300   2                      LED6a = 1;
 301   2                      LED7a = 0;
 302   2                      delay_ms(30);
 303   2              }
C51 COMPILER V9.00   LED                                                                   12/02/2022 09:55:35 PAGE 6   

 304   1      
 305   1      
 306   1              for (i = 0; i < 5; i++)
 307   1              {
 308   2                      LED0a = 1;
 309   2                      LED1a = 1;
 310   2                      LED2a = 1;
 311   2                      LED3a = 1;
 312   2                      LED4a = 1;
 313   2                      LED5a = 1;
 314   2                      LED6a = 1;
 315   2                      LED7a = 1;
 316   2                      delay_ms(200);
 317   2                      LED0a = 0;
 318   2                      LED1a = 0;
 319   2                      LED2a = 0;
 320   2                      LED3a = 0;
 321   2                      LED4a = 0;
 322   2                      LED5a = 0;
 323   2                      LED6a = 0;
 324   2                      LED7a = 0;
 325   2                      delay_ms(200);
 326   2              }
 327   1      
 328   1      
 329   1              for (i = 0; i < 5; i++)
 330   1              {
 331   2                      LED0a = 1;
 332   2                      LED1a = 0;
 333   2                      LED2a = 1;
 334   2                      LED3a = 0;
 335   2                      LED4a = 1;
 336   2                      LED5a = 0;
 337   2                      LED6a = 1;
 338   2                      LED7a = 0;
 339   2                      delay_ms(200);
 340   2                      LED0a = 0;
 341   2                      LED1a = 1;
 342   2                      LED2a = 0;
 343   2                      LED3a = 1;
 344   2                      LED4a = 0;
 345   2                      LED5a = 1;
 346   2                      LED6a = 0;
 347   2                      LED7a = 1;
 348   2                      delay_ms(200);
 349   2              }
 350   1      
 351   1      
 352   1              for (i = 0; i < 5; i++)
 353   1              {
 354   2                      LED0a = 0;
 355   2                      LED1a = 1;
 356   2                      LED2a = 1;
 357   2                      LED3a = 1;
 358   2                      LED4a = 1;
 359   2                      LED5a = 1;
 360   2                      LED6a = 1;
 361   2                      LED7a = 0;
 362   2                      delay_ms(100);
 363   2                      LED0a = 1;
 364   2                      LED1a = 0;
 365   2                      LED2a = 1;
C51 COMPILER V9.00   LED                                                                   12/02/2022 09:55:35 PAGE 7   

 366   2                      LED3a = 1;
 367   2                      LED4a = 1;
 368   2                      LED5a = 1;
 369   2                      LED6a = 0;
 370   2                      LED7a = 1;
 371   2                      delay_ms(100);
 372   2                      LED0a = 1;
 373   2                      LED1a = 1;
 374   2                      LED2a = 0;
 375   2                      LED3a = 1;
 376   2                      LED4a = 1;
 377   2                      LED5a = 0;
 378   2                      LED6a = 1;
 379   2                      LED7a = 1;
 380   2                      delay_ms(100);
 381   2                      LED0a = 1;
 382   2                      LED1a = 1;
 383   2                      LED2a = 1;
 384   2                      LED3a = 0;
 385   2                      LED4a = 0;
 386   2                      LED5a = 1;
 387   2                      LED6a = 1;
 388   2                      LED7a = 1;
 389   2                      delay_ms(100);
 390   2              }
 391   1      
 392   1      
 393   1              for (i = 0; i < 5; i++)
 394   1              {
 395   2                      LED0a = 0;
 396   2                      LED1a = 0;
 397   2                      LED2a = 1;
 398   2                      LED3a = 1;
 399   2                      LED4a = 1;
 400   2                      LED5a = 1;
 401   2                      LED6a = 0;
 402   2                      LED7a = 0;
 403   2                      delay_ms(100);
 404   2                      LED0a = 1;
 405   2                      LED1a = 0;
 406   2                      LED2a = 0;
 407   2                      LED3a = 1;
 408   2                      LED4a = 1;
 409   2                      LED5a = 0;
 410   2                      LED6a = 0;
 411   2                      LED7a = 1;
 412   2                      delay_ms(100);
 413   2                      LED0a = 1;
 414   2                      LED1a = 1;
 415   2                      LED2a = 0;
 416   2                      LED3a = 0;
 417   2                      LED4a = 0;
 418   2                      LED5a = 0;
 419   2                      LED6a = 1;
 420   2                      LED7a = 1;
 421   2                      delay_ms(100);
 422   2                      LED0a = 1;
 423   2                      LED1a = 1;
 424   2                      LED2a = 1;
 425   2                      LED3a = 0;
 426   2                      LED4a = 0;
 427   2                      LED5a = 1;
C51 COMPILER V9.00   LED                                                                   12/02/2022 09:55:35 PAGE 8   

 428   2                      LED6a = 1;
 429   2                      LED7a = 1;
 430   2                      delay_ms(100);
 431   2              }
 432   1      
 433   1      }
 434          


MODULE INFORMATION:   STATIC OVERLAYABLE
   CODE SIZE        =   1063    ----
   CONSTANT SIZE    =   ----    ----
   XDATA SIZE       =   ----    ----
   PDATA SIZE       =   ----    ----
   DATA SIZE        =   ----       4
   IDATA SIZE       =   ----    ----
   BIT SIZE         =   ----    ----
END OF MODULE INFORMATION.


C51 COMPILATION COMPLETE.  0 WARNING(S),  0 ERROR(S)
