C51 COMPILER V9.00   LED_CODE                                                              11/30/2022 17:27:49 PAGE 1   


C51 COMPILER V9.00, COMPILATION OF MODULE LED_CODE
OBJECT MODULE PLACED IN led_code.OBJ
COMPILER INVOKED BY: D:\soft\C51\BIN\C51.EXE led_code.c BROWSE DEBUG OBJECTEXTEND

line level    source

   1          #include <REGX52.H>
   2          #include <intrins.h>
   3          
   4          
   5          #define uchar unsigned char
   6          #define uint unsigned int
   7          
   8          typedef unsigned int u16;
   9          typedef unsigned char u8;
  10          void delay_ms(u16 n);
  11          
  12          sbit dula=P2^6;                           //申明U1锁存器的锁存端
  13          sbit wela=P2^7;                           //申明U2锁存器的锁存端
  14          
  15          
  16          
  17          uchar code leddata[]={
  18                  0x3F,  //"0"
  19              0x06,  //"1"
  20              0x5B,  //"2"
  21              0x4F,  //"3"
  22              0x66,  //"4"
  23              0x6D,  //"5"
  24              0x7D,  //"6"
  25              0x07,  //"7"
  26              0x7F,  //"8"
  27              0x6F,  //"9"
  28              0x77,  //"A"
  29              0x7C,  //"B"
  30              0x39,  //"C"
  31              0x5E,  //"D"
  32              0x79,  //"E"
  33              0x71,  //"F"
  34              0x76,  //"H"
  35              0x38,  //"L"
  36              0x37,  //"n"
  37              0x3E,  //"u"
  38              0x73,  //"P"
  39              0x5C,  //"o"
  40              0x40,  //"-"
  41              0x00  //熄灭
  42                                                  };
  43          
  44          
  45            
  46          
  47          void showHello()
  48          {
  49   1      
  50   1      
  51   1      dula=1;
  52   1      P0=0x76;               //送段选数据,显示H
  53   1      dula=0;                
  54   1      P0=0xff;               //原来段选数据通过位选锁存器造成混乱，专业术语叫"消影"
  55   1      wela=1;                
C51 COMPILER V9.00   LED_CODE                                                              11/30/2022 17:27:49 PAGE 2   

  56   1      P0=0xfe;               //送位选数据
  57   1      wela=0;        
  58   1      delay_ms(1);            //延时
  59   1       
  60   1      dula=1;
  61   1      P0=0x79;              //送段选数据，显示E
  62   1      dula=0;
  63   1      P0=0xff;
  64   1      wela=1;
  65   1      P0=0xfd;
  66   1      wela=0;
  67   1      delay_ms(1);
  68   1       
  69   1      dula=1;
  70   1      P0=0x38;              //送段选数据,显示L
  71   1      dula=0;
  72   1      P0=0xff;
  73   1      wela=1;
  74   1      P0=0xfb;
  75   1      wela=0;
  76   1      delay_ms(1);
  77   1       
  78   1      dula=1;
  79   1      P0=0x38;               //送段选数据,显示L
  80   1      dula=0;
  81   1      P0=0xff;
  82   1      wela=1;
  83   1      P0=0xf7;
  84   1      wela=0;
  85   1      delay_ms(1);
  86   1       
  87   1      dula=1;
  88   1      P0=0x3f;               //送段选数据,显示0
  89   1      dula=0;
  90   1      P0=0xff;
  91   1      wela=1;
  92   1      P0=0xef;
  93   1      wela=0;
  94   1      delay_ms(1);
  95   1       
  96   1      
  97   1      }
  98          
  99          
 100          
 101          
 102          
 103          void showBirthday()
 104          {
 105   1      dula=1;
 106   1      P0=leddata[2];               //送段选数据,显示2
 107   1      dula=0;                
 108   1      P0=0xff;               //原来段选数据通过位选锁存器造成混乱，专业术语叫"消影"
 109   1      wela=1;                
 110   1      P0=0xfe;               //送位选数据
 111   1      wela=0;        
 112   1      delay_ms(1);
 113   1      
 114   1      
 115   1      
 116   1      dula=1;
 117   1      P0=leddata[0];               //送段选数据,显示0
C51 COMPILER V9.00   LED_CODE                                                              11/30/2022 17:27:49 PAGE 3   

 118   1      dula=0;                
 119   1      P0=0xff;               //原来段选数据通过位选锁存器造成混乱，专业术语叫"消影"
 120   1      wela=1;                
 121   1      P0=0xfd;               //送位选数据
 122   1      wela=0;        
 123   1      delay_ms(1); 
 124   1      
 125   1      
 126   1      
 127   1      dula=1;
 128   1      P0=leddata[0];               //送段选数据,显示0
 129   1      dula=0;                
 130   1      P0=0xff;               //原来段选数据通过位选锁存器造成混乱，专业术语叫"消影"
 131   1      wela=1;                
 132   1      P0=0xfb;               //送位选数据
 133   1      wela=0;        
 134   1      delay_ms(1); 
 135   1      
 136   1      
 137   1      
 138   1      dula=1;
 139   1      P0=leddata[1];               //送段选数据,显示1
 140   1      dula=0;                
 141   1      P0=0xff;               //原来段选数据通过位选锁存器造成混乱，专业术语叫"消影"
 142   1      wela=1;                
 143   1      P0=0xf7;               //送位选数据
 144   1      wela=0;        
 145   1      delay_ms(1);
 146   1      
 147   1      
 148   1      dula=1;
 149   1      P0=leddata[0];               //送段选数据,显示0
 150   1      dula=0;                
 151   1      P0=0xff;               //原来段选数据通过位选锁存器造成混乱，专业术语叫"消影"
 152   1      wela=1;                
 153   1      P0=0xef;               //送位选数据
 154   1      wela=0;        
 155   1      delay_ms(1);
 156   1      
 157   1      
 158   1      dula=1;
 159   1      P0=leddata[7];               //送段选数据,显示7
 160   1      dula=0;                
 161   1      P0=0xff;               //原来段选数据通过位选锁存器造成混乱，专业术语叫"消影"
 162   1      wela=1;                
 163   1      P0=0xdf;               //送位选数据
 164   1      wela=0;        
 165   1      delay_ms(1);
 166   1      
 167   1      
 168   1      dula=1;
 169   1      P0=leddata[1];               //送段选数据,显示1
 170   1      dula=0;                
 171   1      P0=0xff;               //原来段选数据通过位选锁存器造成混乱，专业术语叫"消影"
 172   1      wela=1;                
 173   1      P0=0xbf;               //送位选数据
 174   1      wela=0;        
 175   1      delay_ms(1);
 176   1      
 177   1      
 178   1      
 179   1      dula=1;
C51 COMPILER V9.00   LED_CODE                                                              11/30/2022 17:27:49 PAGE 4   

 180   1      P0=leddata[3];               //送段选数据,显示3
 181   1      dula=0;                
 182   1      P0=0xff;               //原来段选数据通过位选锁存器造成混乱，专业术语叫"消影"
 183   1      wela=1;                
 184   1      P0=0x7f;               //送位选数据
 185   1      wela=0;        
 186   1      delay_ms(1);     
 187   1      }
 188          
 189          
 190          
 191          
 192          
 193          
 194          
 195          void showBirthday1()
 196          {
 197   1      dula=1;
 198   1      P0=leddata[2];               //送段选数据,显示2
 199   1      dula=0;                
 200   1      P0=0xff;               //原来段选数据通过位选锁存器造成混乱，专业术语叫"消影"
 201   1      wela=1;                
 202   1      P0=0xfe;               //送位选数据
 203   1      wela=0;        
 204   1      delay_ms(1);
 205   1      
 206   1      
 207   1      
 208   1      dula=1;
 209   1      P0=leddata[0];               //送段选数据,显示0
 210   1      dula=0;                
 211   1      P0=0xff;               //原来段选数据通过位选锁存器造成混乱，专业术语叫"消影"
 212   1      wela=1;                
 213   1      P0=0xfd;               //送位选数据
 214   1      wela=0;        
 215   1      delay_ms(1); 
 216   1      
 217   1      
 218   1      
 219   1      dula=1;
 220   1      P0=leddata[0];               //送段选数据,显示0
 221   1      dula=0;                
 222   1      P0=0xff;               //原来段选数据通过位选锁存器造成混乱，专业术语叫"消影"
 223   1      wela=1;                
 224   1      P0=0xfb;               //送位选数据
 225   1      wela=0;        
 226   1      delay_ms(1); 
 227   1      
 228   1      
 229   1      
 230   1      dula=1;
 231   1      P0=leddata[0];               //送段选数据,显示1
 232   1      dula=0;                
 233   1      P0=0xff;               //原来段选数据通过位选锁存器造成混乱，专业术语叫"消影"
 234   1      wela=1;                
 235   1      P0=0xf7;               //送位选数据
 236   1      wela=0;        
 237   1      delay_ms(1);
 238   1      
 239   1      
 240   1      dula=1;
 241   1      P0=leddata[0];               //送段选数据,显示0
C51 COMPILER V9.00   LED_CODE                                                              11/30/2022 17:27:49 PAGE 5   

 242   1      dula=0;                
 243   1      P0=0xff;               //原来段选数据通过位选锁存器造成混乱，专业术语叫"消影"
 244   1      wela=1;                
 245   1      P0=0xef;               //送位选数据
 246   1      wela=0;        
 247   1      delay_ms(1);
 248   1      
 249   1      
 250   1      dula=1;
 251   1      P0=leddata[2];               //送段选数据,显示7
 252   1      dula=0;                
 253   1      P0=0xff;               //原来段选数据通过位选锁存器造成混乱，专业术语叫"消影"
 254   1      wela=1;                
 255   1      P0=0xdf;               //送位选数据
 256   1      wela=0;        
 257   1      delay_ms(1);
 258   1      
 259   1      
 260   1      dula=1;
 261   1      P0=leddata[1];               //送段选数据,显示1
 262   1      dula=0;                
 263   1      P0=0xff;               //原来段选数据通过位选锁存器造成混乱，专业术语叫"消影"
 264   1      wela=1;                
 265   1      P0=0xbf;               //送位选数据
 266   1      wela=0;        
 267   1      delay_ms(1);
 268   1      
 269   1      
 270   1      
 271   1      dula=1;
 272   1      P0=leddata[0];               //送段选数据,显示3
 273   1      dula=0;                
 274   1      P0=0xff;               //原来段选数据通过位选锁存器造成混乱，专业术语叫"消影"
 275   1      wela=1;                
 276   1      P0=0x7f;               //送位选数据
 277   1      wela=0;        
 278   1      delay_ms(1);     
 279   1      }
 280          
 281          
 282          
 283          
 284          
 285          void showStudentId()
 286          {
 287   1      dula=1;
 288   1      P0=leddata[23];               //送段选数据,显示2
 289   1      dula=0;                
 290   1      P0=0xff;               //原来段选数据通过位选锁存器造成混乱，专业术语叫"消影"
 291   1      wela=1;                
 292   1      P0=0xfe;               //送位选数据
 293   1      wela=0;        
 294   1      delay_ms(1);
 295   1      
 296   1      
 297   1      
 298   1      dula=1;
 299   1      P0=leddata[23];               //送段选数据,显示0
 300   1      dula=0;                
 301   1      P0=0xff;               //原来段选数据通过位选锁存器造成混乱，专业术语叫"消影"
 302   1      wela=1;                
 303   1      P0=0xfd;               //送位选数据
C51 COMPILER V9.00   LED_CODE                                                              11/30/2022 17:27:49 PAGE 6   

 304   1      wela=0;        
 305   1      delay_ms(1); 
 306   1      
 307   1      
 308   1      
 309   1      dula=1;
 310   1      P0=leddata[23];               //送段选数据,显示0
 311   1      dula=0;                
 312   1      P0=0xff;               //原来段选数据通过位选锁存器造成混乱，专业术语叫"消影"
 313   1      wela=1;                
 314   1      P0=0xfb;               //送位选数据
 315   1      wela=0;        
 316   1      delay_ms(1); 
 317   1      
 318   1      
 319   1      
 320   1      dula=1;
 321   1      P0=leddata[23];               //送段选数据,显示1
 322   1      dula=0;                
 323   1      P0=0xff;               //原来段选数据通过位选锁存器造成混乱，专业术语叫"消影"
 324   1      wela=1;                
 325   1      P0=0xf7;               //送位选数据
 326   1      wela=0;        
 327   1      delay_ms(1);
 328   1      
 329   1      
 330   1      dula=1;
 331   1      P0=leddata[0];               //送段选数据,显示0
 332   1      dula=0;                
 333   1      P0=0xff;               //原来段选数据通过位选锁存器造成混乱，专业术语叫"消影"
 334   1      wela=1;                
 335   1      P0=0xef;               //送位选数据
 336   1      wela=0;        
 337   1      delay_ms(1);
 338   1      
 339   1      
 340   1      dula=1;
 341   1      P0=leddata[2];               //送段选数据,显示7
 342   1      dula=0;                
 343   1      P0=0xff;               //原来段选数据通过位选锁存器造成混乱，专业术语叫"消影"
 344   1      wela=1;                
 345   1      P0=0xdf;               //送位选数据
 346   1      wela=0;        
 347   1      delay_ms(1);
 348   1      
 349   1      
 350   1      dula=1;
 351   1      P0=leddata[3];               //送段选数据,显示1
 352   1      dula=0;                
 353   1      P0=0xff;               //原来段选数据通过位选锁存器造成混乱，专业术语叫"消影"
 354   1      wela=1;                
 355   1      P0=0xbf;               //送位选数据
 356   1      wela=0;        
 357   1      delay_ms(1);
 358   1      
 359   1      
 360   1      
 361   1      dula=1;
 362   1      P0=leddata[4];               //送段选数据,显示3
 363   1      dula=0;                
 364   1      P0=0xff;               //原来段选数据通过位选锁存器造成混乱，专业术语叫"消影"
 365   1      wela=1;                
C51 COMPILER V9.00   LED_CODE                                                              11/30/2022 17:27:49 PAGE 7   

 366   1      P0=0x7f;               //送位选数据
 367   1      wela=0;        
 368   1      delay_ms(1);     
 369   1      }
 370          
 371          
 372          
 373          
 374          
 375          void led_stop()
 376          {
 377   1      dula=1;
 378   1      P0=leddata[23];               //送段选数据,显示2
 379   1      dula=0;                
 380   1      P0=0xff;               //原来段选数据通过位选锁存器造成混乱，专业术语叫"消影"
 381   1      wela=1;                
 382   1      P0=0xfe;               //送位选数据
 383   1      wela=0;        
 384   1      delay_ms(1);
 385   1      
 386   1      
 387   1      
 388   1      dula=1;
 389   1      P0=leddata[23];               //送段选数据,显示0
 390   1      dula=0;                
 391   1      P0=0xff;               //原来段选数据通过位选锁存器造成混乱，专业术语叫"消影"
 392   1      wela=1;                
 393   1      P0=0xfd;               //送位选数据
 394   1      wela=0;        
 395   1      delay_ms(1); 
 396   1      
 397   1      
 398   1      
 399   1      dula=1;
 400   1      P0=leddata[23];               //送段选数据,显示0
 401   1      dula=0;                
 402   1      P0=0xff;               //原来段选数据通过位选锁存器造成混乱，专业术语叫"消影"
 403   1      wela=1;                
 404   1      P0=0xfb;               //送位选数据
 405   1      wela=0;        
 406   1      delay_ms(1); 
 407   1      
 408   1      
 409   1      
 410   1      dula=1;
 411   1      P0=leddata[23];               //送段选数据,显示1
 412   1      dula=0;                
 413   1      P0=0xff;               //原来段选数据通过位选锁存器造成混乱，专业术语叫"消影"
 414   1      wela=1;                
 415   1      P0=0xf7;               //送位选数据
 416   1      wela=0;        
 417   1      delay_ms(1);
 418   1      
 419   1      
 420   1      dula=1;
 421   1      P0=leddata[23];               //送段选数据,显示0
 422   1      dula=0;                
 423   1      P0=0xff;               //原来段选数据通过位选锁存器造成混乱，专业术语叫"消影"
 424   1      wela=1;                
 425   1      P0=0xef;               //送位选数据
 426   1      wela=0;        
 427   1      delay_ms(1);
C51 COMPILER V9.00   LED_CODE                                                              11/30/2022 17:27:49 PAGE 8   

 428   1      
 429   1      
 430   1      dula=1;
 431   1      P0=leddata[23];               //送段选数据,显示7
 432   1      dula=0;                
 433   1      P0=0xff;               //原来段选数据通过位选锁存器造成混乱，专业术语叫"消影"
 434   1      wela=1;                
 435   1      P0=0xdf;               //送位选数据
 436   1      wela=0;        
 437   1      delay_ms(1);
 438   1      
 439   1      
 440   1      dula=1;
 441   1      P0=leddata[23];               //送段选数据,显示1
 442   1      dula=0;                
 443   1      P0=0xff;               //原来段选数据通过位选锁存器造成混乱，专业术语叫"消影"
 444   1      wela=1;                
 445   1      P0=0xbf;               //送位选数据
 446   1      wela=0;        
 447   1      delay_ms(1);
 448   1      
 449   1      
 450   1      
 451   1      dula=1;
 452   1      P0=leddata[23];               //送段选数据,显示3
 453   1      dula=0;                
 454   1      P0=0xff;               //原来段选数据通过位选锁存器造成混乱，专业术语叫"消影"
 455   1      wela=1;                
 456   1      P0=0x7f;               //送位选数据
 457   1      wela=0;        
 458   1      delay_ms(1);     
 459   1      }


MODULE INFORMATION:   STATIC OVERLAYABLE
   CODE SIZE        =   1016    ----
   CONSTANT SIZE    =     24    ----
   XDATA SIZE       =   ----    ----
   PDATA SIZE       =   ----    ----
   DATA SIZE        =   ----    ----
   IDATA SIZE       =   ----    ----
   BIT SIZE         =   ----    ----
END OF MODULE INFORMATION.


C51 COMPILATION COMPLETE.  0 WARNING(S),  0 ERROR(S)
