C51 COMPILER V9.00   MUSIC2                                                                12/02/2022 15:30:08 PAGE 1   


C51 COMPILER V9.00, COMPILATION OF MODULE MUSIC2
OBJECT MODULE PLACED IN music2.OBJ
COMPILER INVOKED BY: D:\soft\C51\BIN\C51.EXE music2.c BROWSE DEBUG OBJECTEXTEND

line level    source

   1          #include <REGX52.H>
   2          
   3          
   4          sbit beep = P2^3;
   5          unsigned char timer0H, timer0L, time;
   6          
   7          //单片机晶振采用11.0592MHz
   8          // 频率-半周期数据表 高八位     本软件共保存了四个八度的28个频率数据
   9          code unsigned char FREQH[] = {
  10              0xF2, 0xF3, 0xF5, 0xF5, 0xF6, 0xF7, 0xF8,    //低音1234567
  11              0xF9, 0xF9, 0xFA, 0xFA, 0xFB, 0xFB, 0xFC, 0xFC,//1,2,3,4,5,6,7,i
  12              0xFC, 0xFD, 0xFD, 0xFD, 0xFD, 0xFE,            //高音 234567
  13              0xFE, 0xFE, 0xFE, 0xFE, 0xFE, 0xFE, 0xFF};   //超高音 1234567
  14          // 频率-半周期数据表 低八位
  15          code unsigned char FREQL[] = {
  16              0x42, 0xC1, 0x17, 0xB6, 0xD0, 0xD1, 0xB6,    //低音1234567
  17              0x21, 0xE1, 0x8C, 0xD8, 0x68, 0xE9, 0x5B, 0x8F, //1,2,3,4,5,6,7,i
  18              0xEE, 0x44, 0x6B, 0xB4, 0xF4, 0x2D,             //高音 234567
  19              0x47, 0x77, 0xA2, 0xB6, 0xDA, 0xFA, 0x16};   //超高音 1234567
  20          //数据表           
  21          code unsigned char song2[] = {
  22          5, 2, 2, 6, 2, 2, 5, 2, 2, 4, 2, 2, 3, 2, 2, 2, 2, 2, 1, 2, 6, 5, 1, 6, //我和我的祖国
  23          1, 2, 2, 3, 2, 2, 1, 3, 2, 7, 2, 2, 6, 2, 3, 3, 2, 1, 5, 2, 12,                 //一刻也不能分割
  24          6, 2, 2, 7, 2, 2, 6, 2, 2, 5, 2, 2, 4, 2, 2, 3, 2, 2, 2, 2, 6, 6, 1, 6, //无论我走到哪里
  25          7, 1, 2, 6, 1, 2, 5, 1, 2, 5, 2, 2, 1, 2, 3, 2, 2, 1, 3, 2, 12,                 //都唱出一首赞歌
  26          5, 2, 2, 6, 2, 2, 5, 2, 2, 4, 2, 2, 3, 2, 2, 2, 2, 2, 1, 2, 6, 5, 1, 6, //我歌唱每一座高山
  27          1, 2, 2, 3, 2, 2, 1, 3, 2, 7, 2, 2, 2, 3, 3, 1, 3, 1, 6, 2, 12,                 //我歌唱每一条河
  28          1, 3, 2, 7, 2, 2, 6, 2, 2, 5, 2, 6,                                                                             //袅袅炊烟
  29          6, 2, 2, 5, 2, 2, 4, 2, 2, 3, 2, 6,                                                                             //小小村落
  30          7, 1, 4, 6, 1, 2, 5, 1, 4, 2, 2, 2, 1, 2, 12,                                                   //路上一道辙 
  31          8, 2, 2, 2, 3, 2, 3, 3, 2, 2, 3, 2, 8, 2, 2, 6, 2, 2, 7, 2, 2, 6, 2, 3, 3, 2, 1, 5, 2, 12,//我最亲爱的祖国
  32          8, 2, 2, 2, 3, 2, 3, 3, 2, 2, 3, 2, 8, 2, 2, 6, 2, 2, 7, 2, 2, 5, 2, 3, 3, 2, 1, 6, 2, 12,//我永远紧依着你
             -的心窝
  33          5, 2, 2, 4, 2, 2, 3, 2, 2, 2, 2, 6, 7, 1, 2, 6, 1, 2, 5, 1, 2, 3, 2, 6,4, 2, 6, 2, 2, 4, 1, 2, 2,1, 2, 10,
             -//你用你那母亲的脉搏和我诉说
  34          };
  35          //一个音符有三个数字。前为第几个音、中为第几个八度、后为时长（以半拍为单位）。
  36          //6, 2, 3 分别代表：６, 中音, ３个半拍;
  37          //5, 2, 1 分别代表：５, 中音, １个半拍;
  38          
  39          void t0int() interrupt 1         //T0中断程序，控制发音的音调
  40          {
  41   1          TR0 = 0;                     //先关闭T0
  42   1          beep = !beep;          //输出方波, 发音
  43   1          TH0 = timer0H;               //下次的中断时间, 这个时间, 控制音调高低
  44   1          TL0 = timer0L;
  45   1          TR0 = 1;                     //启动T0
  46   1      }
  47          
  48          void delay(unsigned char t)     //延时程序，控制发音的时间长度
  49          {
  50   1          unsigned char t1;
  51   1          unsigned long t2;
  52   1          for(t1 = 0; t1 < t; t1++)    //双重循环, 共延时t个半拍
  53   1            for(t2 = 0; t2 < 4000; t2++); //延时期间, 可进入T0中断去发音
C51 COMPILER V9.00   MUSIC2                                                                12/02/2022 15:30:08 PAGE 2   

  54   1          TR0 = 0;                        //关闭T0, 停止发音
  55   1      }
  56          
  57          void sing()                      //演奏一个音符
  58          {
  59   1          TH0 = timer0H;               //控制音调
  60   1          TL0 = timer0L;
  61   1          TR0 = 1;                     //启动T0, 由T0输出方波去发音
  62   1          delay(time);                 //控制时间长度
  63   1      }
  64          
  65          
  66          
  67          void music2_init()
  68          {
  69   1          
  70   1          TMOD = 1;                    //置T0定时工作方式1
  71   1          ET0 = 1;                     //开T0中断
  72   1          EA = 1;                      //开总中断
  73   1      }
  74          
  75          void music2()
  76          {
  77   1           unsigned char k, i;
  78   1            i = 0;
  79   1            time = 1; 
  80   1            while(time)                                                                                                                                                                                                                    
  81   1                {
  82   2              k = song2[i] + 7 * song2[i + 1] - 1;//第i个是音符, 第i+1个是第几个八度
  83   2              timer0H = FREQH[k];      //从数据表中读出频率数值
  84   2              timer0L = FREQL[k];      //实际上, 是定时的时间长度
  85   2              time = song2[i + 2];   //读出时间长度数值
  86   2              i += 3;
  87   2              sing();                  //发出一个音符
  88   2                }   
  89   1      }               


MODULE INFORMATION:   STATIC OVERLAYABLE
   CODE SIZE        =    171    ----
   CONSTANT SIZE    =    326    ----
   XDATA SIZE       =   ----    ----
   PDATA SIZE       =   ----    ----
   DATA SIZE        =      3       8
   IDATA SIZE       =   ----    ----
   BIT SIZE         =   ----    ----
END OF MODULE INFORMATION.


C51 COMPILATION COMPLETE.  0 WARNING(S),  0 ERROR(S)
